<?xml version="1.0" encoding="UTF-8"?>
<!-- Generated by org.testng.reporters.JUnitXMLReporter -->
<testsuite ignored="6" hostname="LTIN280660" failures="0" tests="5" name="ChromeTest" time="502.221" errors="0" timestamp="2024-03-14T00:05:04 PDT">
  <testcase classname="TestCase.TC001_UpBikesDetails" name="clickNewBikes" time="147.187"/>
  <testcase classname="TestCase.TC001_UpBikesDetails" name="clickUpcomingBikes" time="78.916"/>
  <testcase classname="TestCase.TC002_UsedCarsDetails" name="UsedCarDetails" time="47.874"/>
  <testcase classname="TestCase.TC003_GoogleLogin" name="verifyLoginPage" time="92.662"/>
  <testcase classname="TestCase.TC004_GoogleSignup" name="verifyLoginPage" time="18.717"/>
  <testcase classname="TestBase.BaseClass" name="@AfterTest tearDown" time="0.0">
    <ignored/>
  </testcase> <!-- @AfterTest tearDown -->
  <testcase classname="TestBase.BaseClass" name="@AfterTest tearDown" time="0.0">
    <ignored/>
  </testcase> <!-- @AfterTest tearDown -->
  <testcase classname="TestBase.BaseClass" name="@BeforeTest invokeBrowser" time="0.0">
    <ignored/>
  </testcase> <!-- @BeforeTest invokeBrowser -->
  <testcase classname="TestBase.BaseClass" name="@AfterTest tearDown" time="0.0">
    <ignored/>
  </testcase> <!-- @AfterTest tearDown -->
  <testcase classname="TestBase.BaseClass" name="@BeforeTest invokeBrowser" time="0.0">
    <ignored/>
  </testcase> <!-- @BeforeTest invokeBrowser -->
  <testcase classname="TestBase.BaseClass" name="@BeforeTest invokeBrowser" time="0.0">
    <ignored/>
  </testcase> <!-- @BeforeTest invokeBrowser -->
</testsuite> <!-- ChromeTest -->
