<?xml version="1.0" encoding="UTF-8"?>
<!-- Generated by org.testng.reporters.JUnitXMLReporter -->
<testsuite ignored="6" hostname="LTIN280660" failures="0" tests="5" name="EdgeTest" time="368.245" errors="0" timestamp="2024-03-14T00:11:23 PDT">
  <testcase classname="TestCase.TC001_UpBikesDetails" name="clickNewBikes" time="45.461"/>
  <testcase classname="TestCase.TC001_UpBikesDetails" name="clickUpcomingBikes" time="44.329"/>
  <testcase classname="TestCase.TC002_UsedCarsDetails" name="UsedCarDetails" time="70.823"/>
  <testcase classname="TestCase.TC003_GoogleLogin" name="verifyLoginPage" time="104.41"/>
  <testcase classname="TestCase.TC004_GoogleSignup" name="verifyLoginPage" time="11.799"/>
  <testcase classname="TestBase.BaseClass" name="@AfterTest tearDown" time="0.0">
    <ignored/>
  </testcase> <!-- @AfterTest tearDown -->
  <testcase classname="TestBase.BaseClass" name="@AfterTest tearDown" time="0.0">
    <ignored/>
  </testcase> <!-- @AfterTest tearDown -->
  <testcase classname="TestBase.BaseClass" name="@BeforeTest invokeBrowser" time="0.0">
    <ignored/>
  </testcase> <!-- @BeforeTest invokeBrowser -->
  <testcase classname="TestBase.BaseClass" name="@BeforeTest invokeBrowser" time="0.0">
    <ignored/>
  </testcase> <!-- @BeforeTest invokeBrowser -->
  <testcase classname="TestBase.BaseClass" name="@AfterTest tearDown" time="0.0">
    <ignored/>
  </testcase> <!-- @AfterTest tearDown -->
  <testcase classname="TestBase.BaseClass" name="@BeforeTest invokeBrowser" time="0.0">
    <ignored/>
  </testcase> <!-- @BeforeTest invokeBrowser -->
</testsuite> <!-- EdgeTest -->
